CRITICAL - 2020-07-03 06:51:53 --> 
#0 /opt/lampp/htdocs/ci4App/system/HTTP/RedirectResponse.php(92): CodeIgniter\HTTP\Exceptions\HTTPException::forInvalidRedirectRoute('')
#1 /opt/lampp/htdocs/ci4App/system/Common.php(813): CodeIgniter\HTTP\RedirectResponse->route(false)
#2 /opt/lampp/htdocs/ci4App/app/Controllers/User.php(11): redirect('http://localhos...')
#3 /opt/lampp/htdocs/ci4App/system/CodeIgniter.php(914): App\Controllers\User->index()
#4 /opt/lampp/htdocs/ci4App/system/CodeIgniter.php(400): CodeIgniter\CodeIgniter->runController(Object(App\Controllers\User))
#5 /opt/lampp/htdocs/ci4App/system/CodeIgniter.php(308): CodeIgniter\CodeIgniter->handleRequest(NULL, Object(Config\Cache), false)
#6 /opt/lampp/htdocs/ci4App/public/index.php(45): CodeIgniter\CodeIgniter->run()
#7 /opt/lampp/htdocs/ci4App/system/Commands/Server/rewrite.php(34): require_once('/opt/lampp/htdo...')
#8 {main}
CRITICAL - 2020-07-03 06:52:07 --> 
#0 /opt/lampp/htdocs/ci4App/system/HTTP/RedirectResponse.php(92): CodeIgniter\HTTP\Exceptions\HTTPException::forInvalidRedirectRoute('')
#1 /opt/lampp/htdocs/ci4App/system/Common.php(813): CodeIgniter\HTTP\RedirectResponse->route(false)
#2 /opt/lampp/htdocs/ci4App/app/Controllers/User.php(11): redirect('http://localhos...')
#3 /opt/lampp/htdocs/ci4App/system/CodeIgniter.php(914): App\Controllers\User->index()
#4 /opt/lampp/htdocs/ci4App/system/CodeIgniter.php(400): CodeIgniter\CodeIgniter->runController(Object(App\Controllers\User))
#5 /opt/lampp/htdocs/ci4App/system/CodeIgniter.php(308): CodeIgniter\CodeIgniter->handleRequest(NULL, Object(Config\Cache), false)
#6 /opt/lampp/htdocs/ci4App/public/index.php(45): CodeIgniter\CodeIgniter->run()
#7 /opt/lampp/htdocs/ci4App/system/Commands/Server/rewrite.php(34): require_once('/opt/lampp/htdo...')
#8 {main}
CRITICAL - 2020-07-03 06:52:07 --> 
#0 /opt/lampp/htdocs/ci4App/system/HTTP/RedirectResponse.php(92): CodeIgniter\HTTP\Exceptions\HTTPException::forInvalidRedirectRoute('')
#1 /opt/lampp/htdocs/ci4App/system/Common.php(813): CodeIgniter\HTTP\RedirectResponse->route(false)
#2 /opt/lampp/htdocs/ci4App/app/Controllers/User.php(11): redirect('http://localhos...')
#3 /opt/lampp/htdocs/ci4App/system/CodeIgniter.php(914): App\Controllers\User->index()
#4 /opt/lampp/htdocs/ci4App/system/CodeIgniter.php(400): CodeIgniter\CodeIgniter->runController(Object(App\Controllers\User))
#5 /opt/lampp/htdocs/ci4App/system/CodeIgniter.php(308): CodeIgniter\CodeIgniter->handleRequest(NULL, Object(Config\Cache), false)
#6 /opt/lampp/htdocs/ci4App/public/index.php(45): CodeIgniter\CodeIgniter->run()
#7 /opt/lampp/htdocs/ci4App/system/Commands/Server/rewrite.php(34): require_once('/opt/lampp/htdo...')
#8 {main}
