CRITICAL - 2020-07-11 07:32:28 --> Undefined variable: user
#0 /opt/lampp/htdocs/ci4App/app/Views/user_view.php(34): CodeIgniter\Debug\Exceptions->errorHandler(8, 'Undefined varia...', '/opt/lampp/htdo...', 34, Array)
#1 /opt/lampp/htdocs/ci4App/system/View/View.php(246): include('/opt/lampp/htdo...')
#2 /opt/lampp/htdocs/ci4App/system/Common.php(1087): CodeIgniter\View\View->render('user_view', Array, true)
#3 /opt/lampp/htdocs/ci4App/app/Controllers/User.php(13): view('user_view')
#4 /opt/lampp/htdocs/ci4App/system/CodeIgniter.php(914): App\Controllers\User->index()
#5 /opt/lampp/htdocs/ci4App/system/CodeIgniter.php(400): CodeIgniter\CodeIgniter->runController(Object(App\Controllers\User))
#6 /opt/lampp/htdocs/ci4App/system/CodeIgniter.php(308): CodeIgniter\CodeIgniter->handleRequest(NULL, Object(Config\Cache), false)
#7 /opt/lampp/htdocs/ci4App/public/index.php(45): CodeIgniter\CodeIgniter->run()
#8 /opt/lampp/htdocs/ci4App/system/Commands/Server/rewrite.php(34): require_once('/opt/lampp/htdo...')
#9 {main}
CRITICAL - 2020-07-11 07:34:45 --> Undefined index: user_id
#0 /opt/lampp/htdocs/ci4App/app/Views/user_view.php(37): CodeIgniter\Debug\Exceptions->errorHandler(8, 'Undefined index...', '/opt/lampp/htdo...', 37, Array)
#1 /opt/lampp/htdocs/ci4App/system/View/View.php(246): include('/opt/lampp/htdo...')
#2 /opt/lampp/htdocs/ci4App/system/Common.php(1087): CodeIgniter\View\View->render('user_view', Array, true)
#3 /opt/lampp/htdocs/ci4App/app/Controllers/User.php(19): view('user_view', Array)
#4 /opt/lampp/htdocs/ci4App/system/CodeIgniter.php(914): App\Controllers\User->index()
#5 /opt/lampp/htdocs/ci4App/system/CodeIgniter.php(400): CodeIgniter\CodeIgniter->runController(Object(App\Controllers\User))
#6 /opt/lampp/htdocs/ci4App/system/CodeIgniter.php(308): CodeIgniter\CodeIgniter->handleRequest(NULL, Object(Config\Cache), false)
#7 /opt/lampp/htdocs/ci4App/public/index.php(45): CodeIgniter\CodeIgniter->run()
#8 /opt/lampp/htdocs/ci4App/system/Commands/Server/rewrite.php(34): require_once('/opt/lampp/htdo...')
#9 {main}
CRITICAL - 2020-07-11 07:35:49 --> Undefined index: user_nama
#0 /opt/lampp/htdocs/ci4App/app/Views/user_view.php(38): CodeIgniter\Debug\Exceptions->errorHandler(8, 'Undefined index...', '/opt/lampp/htdo...', 38, Array)
#1 /opt/lampp/htdocs/ci4App/system/View/View.php(246): include('/opt/lampp/htdo...')
#2 /opt/lampp/htdocs/ci4App/system/Common.php(1087): CodeIgniter\View\View->render('user_view', Array, true)
#3 /opt/lampp/htdocs/ci4App/app/Controllers/User.php(19): view('user_view', Array)
#4 /opt/lampp/htdocs/ci4App/system/CodeIgniter.php(914): App\Controllers\User->index()
#5 /opt/lampp/htdocs/ci4App/system/CodeIgniter.php(400): CodeIgniter\CodeIgniter->runController(Object(App\Controllers\User))
#6 /opt/lampp/htdocs/ci4App/system/CodeIgniter.php(308): CodeIgniter\CodeIgniter->handleRequest(NULL, Object(Config\Cache), false)
#7 /opt/lampp/htdocs/ci4App/public/index.php(45): CodeIgniter\CodeIgniter->run()
#8 /opt/lampp/htdocs/ci4App/system/Commands/Server/rewrite.php(34): require_once('/opt/lampp/htdo...')
#9 {main}
CRITICAL - 2020-07-11 09:08:33 --> Trying to get property 'user_nama' of non-object
#0 /opt/lampp/htdocs/ci4App/app/Views/user_view.php(98): CodeIgniter\Debug\Exceptions->errorHandler(8, 'Trying to get p...', '/opt/lampp/htdo...', 98, Array)
#1 /opt/lampp/htdocs/ci4App/system/View/View.php(246): include('/opt/lampp/htdo...')
#2 /opt/lampp/htdocs/ci4App/system/Common.php(1087): CodeIgniter\View\View->render('user_view', Array, true)
#3 /opt/lampp/htdocs/ci4App/app/Controllers/User.php(19): view('user_view', Array)
#4 /opt/lampp/htdocs/ci4App/system/CodeIgniter.php(914): App\Controllers\User->index()
#5 /opt/lampp/htdocs/ci4App/system/CodeIgniter.php(400): CodeIgniter\CodeIgniter->runController(Object(App\Controllers\User))
#6 /opt/lampp/htdocs/ci4App/system/CodeIgniter.php(308): CodeIgniter\CodeIgniter->handleRequest(NULL, Object(Config\Cache), false)
#7 /opt/lampp/htdocs/ci4App/public/index.php(45): CodeIgniter\CodeIgniter->run()
#8 /opt/lampp/htdocs/ci4App/system/Commands/Server/rewrite.php(34): require_once('/opt/lampp/htdo...')
#9 {main}
CRITICAL - 2020-07-11 09:09:43 --> Trying to get property 'user_nama' of non-object
#0 /opt/lampp/htdocs/ci4App/app/Views/user_view.php(98): CodeIgniter\Debug\Exceptions->errorHandler(8, 'Trying to get p...', '/opt/lampp/htdo...', 98, Array)
#1 /opt/lampp/htdocs/ci4App/system/View/View.php(246): include('/opt/lampp/htdo...')
#2 /opt/lampp/htdocs/ci4App/system/Common.php(1087): CodeIgniter\View\View->render('user_view', Array, true)
#3 /opt/lampp/htdocs/ci4App/app/Controllers/User.php(19): view('user_view', Array)
#4 /opt/lampp/htdocs/ci4App/system/CodeIgniter.php(914): App\Controllers\User->index()
#5 /opt/lampp/htdocs/ci4App/system/CodeIgniter.php(400): CodeIgniter\CodeIgniter->runController(Object(App\Controllers\User))
#6 /opt/lampp/htdocs/ci4App/system/CodeIgniter.php(308): CodeIgniter\CodeIgniter->handleRequest(NULL, Object(Config\Cache), false)
#7 /opt/lampp/htdocs/ci4App/public/index.php(45): CodeIgniter\CodeIgniter->run()
#8 /opt/lampp/htdocs/ci4App/system/Commands/Server/rewrite.php(34): require_once('/opt/lampp/htdo...')
#9 {main}
CRITICAL - 2020-07-11 09:12:16 --> Trying to get property 'user_email' of non-object
#0 /opt/lampp/htdocs/ci4App/app/Views/user_view.php(101): CodeIgniter\Debug\Exceptions->errorHandler(8, 'Trying to get p...', '/opt/lampp/htdo...', 101, Array)
#1 /opt/lampp/htdocs/ci4App/system/View/View.php(246): include('/opt/lampp/htdo...')
#2 /opt/lampp/htdocs/ci4App/system/Common.php(1087): CodeIgniter\View\View->render('user_view', Array, true)
#3 /opt/lampp/htdocs/ci4App/app/Controllers/User.php(19): view('user_view', Array)
#4 /opt/lampp/htdocs/ci4App/system/CodeIgniter.php(914): App\Controllers\User->index()
#5 /opt/lampp/htdocs/ci4App/system/CodeIgniter.php(400): CodeIgniter\CodeIgniter->runController(Object(App\Controllers\User))
#6 /opt/lampp/htdocs/ci4App/system/CodeIgniter.php(308): CodeIgniter\CodeIgniter->handleRequest(NULL, Object(Config\Cache), false)
#7 /opt/lampp/htdocs/ci4App/public/index.php(45): CodeIgniter\CodeIgniter->run()
#8 /opt/lampp/htdocs/ci4App/system/Commands/Server/rewrite.php(34): require_once('/opt/lampp/htdo...')
#9 {main}
CRITICAL - 2020-07-11 09:19:35 --> Trying to get property 'user_nama' of non-object
#0 /opt/lampp/htdocs/ci4App/app/Views/user_view.php(99): CodeIgniter\Debug\Exceptions->errorHandler(8, 'Trying to get p...', '/opt/lampp/htdo...', 99, Array)
#1 /opt/lampp/htdocs/ci4App/system/View/View.php(246): include('/opt/lampp/htdo...')
#2 /opt/lampp/htdocs/ci4App/system/Common.php(1087): CodeIgniter\View\View->render('user_view', Array, true)
#3 /opt/lampp/htdocs/ci4App/app/Controllers/User.php(19): view('user_view', Array)
#4 /opt/lampp/htdocs/ci4App/system/CodeIgniter.php(914): App\Controllers\User->index()
#5 /opt/lampp/htdocs/ci4App/system/CodeIgniter.php(400): CodeIgniter\CodeIgniter->runController(Object(App\Controllers\User))
#6 /opt/lampp/htdocs/ci4App/system/CodeIgniter.php(308): CodeIgniter\CodeIgniter->handleRequest(NULL, Object(Config\Cache), false)
#7 /opt/lampp/htdocs/ci4App/public/index.php(45): CodeIgniter\CodeIgniter->run()
#8 /opt/lampp/htdocs/ci4App/system/Commands/Server/rewrite.php(34): require_once('/opt/lampp/htdo...')
#9 {main}
CRITICAL - 2020-07-11 09:20:05 --> Trying to get property 'user_nama' of non-object
#0 /opt/lampp/htdocs/ci4App/app/Views/user_view.php(99): CodeIgniter\Debug\Exceptions->errorHandler(8, 'Trying to get p...', '/opt/lampp/htdo...', 99, Array)
#1 /opt/lampp/htdocs/ci4App/system/View/View.php(246): include('/opt/lampp/htdo...')
#2 /opt/lampp/htdocs/ci4App/system/Common.php(1087): CodeIgniter\View\View->render('user_view', Array, true)
#3 /opt/lampp/htdocs/ci4App/app/Controllers/User.php(19): view('user_view', Array)
#4 /opt/lampp/htdocs/ci4App/system/CodeIgniter.php(914): App\Controllers\User->index()
#5 /opt/lampp/htdocs/ci4App/system/CodeIgniter.php(400): CodeIgniter\CodeIgniter->runController(Object(App\Controllers\User))
#6 /opt/lampp/htdocs/ci4App/system/CodeIgniter.php(308): CodeIgniter\CodeIgniter->handleRequest(NULL, Object(Config\Cache), false)
#7 /opt/lampp/htdocs/ci4App/public/index.php(45): CodeIgniter\CodeIgniter->run()
#8 /opt/lampp/htdocs/ci4App/system/Commands/Server/rewrite.php(34): require_once('/opt/lampp/htdo...')
#9 {main}
CRITICAL - 2020-07-11 09:20:06 --> Trying to get property 'user_nama' of non-object
#0 /opt/lampp/htdocs/ci4App/app/Views/user_view.php(99): CodeIgniter\Debug\Exceptions->errorHandler(8, 'Trying to get p...', '/opt/lampp/htdo...', 99, Array)
#1 /opt/lampp/htdocs/ci4App/system/View/View.php(246): include('/opt/lampp/htdo...')
#2 /opt/lampp/htdocs/ci4App/system/Common.php(1087): CodeIgniter\View\View->render('user_view', Array, true)
#3 /opt/lampp/htdocs/ci4App/app/Controllers/User.php(19): view('user_view', Array)
#4 /opt/lampp/htdocs/ci4App/system/CodeIgniter.php(914): App\Controllers\User->index()
#5 /opt/lampp/htdocs/ci4App/system/CodeIgniter.php(400): CodeIgniter\CodeIgniter->runController(Object(App\Controllers\User))
#6 /opt/lampp/htdocs/ci4App/system/CodeIgniter.php(308): CodeIgniter\CodeIgniter->handleRequest(NULL, Object(Config\Cache), false)
#7 /opt/lampp/htdocs/ci4App/public/index.php(45): CodeIgniter\CodeIgniter->run()
#8 /opt/lampp/htdocs/ci4App/system/Commands/Server/rewrite.php(34): require_once('/opt/lampp/htdo...')
#9 {main}
CRITICAL - 2020-07-11 09:24:58 --> Trying to get property 'user_nama' of non-object
#0 /opt/lampp/htdocs/ci4App/app/Views/user_view.php(99): CodeIgniter\Debug\Exceptions->errorHandler(8, 'Trying to get p...', '/opt/lampp/htdo...', 99, Array)
#1 /opt/lampp/htdocs/ci4App/system/View/View.php(246): include('/opt/lampp/htdo...')
#2 /opt/lampp/htdocs/ci4App/system/Common.php(1087): CodeIgniter\View\View->render('user_view', Array, true)
#3 /opt/lampp/htdocs/ci4App/app/Controllers/User.php(19): view('user_view', Array)
#4 /opt/lampp/htdocs/ci4App/system/CodeIgniter.php(914): App\Controllers\User->index()
#5 /opt/lampp/htdocs/ci4App/system/CodeIgniter.php(400): CodeIgniter\CodeIgniter->runController(Object(App\Controllers\User))
#6 /opt/lampp/htdocs/ci4App/system/CodeIgniter.php(308): CodeIgniter\CodeIgniter->handleRequest(NULL, Object(Config\Cache), false)
#7 /opt/lampp/htdocs/ci4App/public/index.php(45): CodeIgniter\CodeIgniter->run()
#8 /opt/lampp/htdocs/ci4App/system/Commands/Server/rewrite.php(34): require_once('/opt/lampp/htdo...')
#9 {main}
CRITICAL - 2020-07-11 09:24:58 --> Trying to get property 'user_nama' of non-object
#0 /opt/lampp/htdocs/ci4App/app/Views/user_view.php(99): CodeIgniter\Debug\Exceptions->errorHandler(8, 'Trying to get p...', '/opt/lampp/htdo...', 99, Array)
#1 /opt/lampp/htdocs/ci4App/system/View/View.php(246): include('/opt/lampp/htdo...')
#2 /opt/lampp/htdocs/ci4App/system/Common.php(1087): CodeIgniter\View\View->render('user_view', Array, true)
#3 /opt/lampp/htdocs/ci4App/app/Controllers/User.php(19): view('user_view', Array)
#4 /opt/lampp/htdocs/ci4App/system/CodeIgniter.php(914): App\Controllers\User->index()
#5 /opt/lampp/htdocs/ci4App/system/CodeIgniter.php(400): CodeIgniter\CodeIgniter->runController(Object(App\Controllers\User))
#6 /opt/lampp/htdocs/ci4App/system/CodeIgniter.php(308): CodeIgniter\CodeIgniter->handleRequest(NULL, Object(Config\Cache), false)
#7 /opt/lampp/htdocs/ci4App/public/index.php(45): CodeIgniter\CodeIgniter->run()
#8 /opt/lampp/htdocs/ci4App/system/Commands/Server/rewrite.php(34): require_once('/opt/lampp/htdo...')
#9 {main}
CRITICAL - 2020-07-11 09:24:59 --> Trying to get property 'user_nama' of non-object
#0 /opt/lampp/htdocs/ci4App/app/Views/user_view.php(99): CodeIgniter\Debug\Exceptions->errorHandler(8, 'Trying to get p...', '/opt/lampp/htdo...', 99, Array)
#1 /opt/lampp/htdocs/ci4App/system/View/View.php(246): include('/opt/lampp/htdo...')
#2 /opt/lampp/htdocs/ci4App/system/Common.php(1087): CodeIgniter\View\View->render('user_view', Array, true)
#3 /opt/lampp/htdocs/ci4App/app/Controllers/User.php(19): view('user_view', Array)
#4 /opt/lampp/htdocs/ci4App/system/CodeIgniter.php(914): App\Controllers\User->index()
#5 /opt/lampp/htdocs/ci4App/system/CodeIgniter.php(400): CodeIgniter\CodeIgniter->runController(Object(App\Controllers\User))
#6 /opt/lampp/htdocs/ci4App/system/CodeIgniter.php(308): CodeIgniter\CodeIgniter->handleRequest(NULL, Object(Config\Cache), false)
#7 /opt/lampp/htdocs/ci4App/public/index.php(45): CodeIgniter\CodeIgniter->run()
#8 /opt/lampp/htdocs/ci4App/system/Commands/Server/rewrite.php(34): require_once('/opt/lampp/htdo...')
#9 {main}
CRITICAL - 2020-07-11 09:24:59 --> Trying to get property 'user_nama' of non-object
#0 /opt/lampp/htdocs/ci4App/app/Views/user_view.php(99): CodeIgniter\Debug\Exceptions->errorHandler(8, 'Trying to get p...', '/opt/lampp/htdo...', 99, Array)
#1 /opt/lampp/htdocs/ci4App/system/View/View.php(246): include('/opt/lampp/htdo...')
#2 /opt/lampp/htdocs/ci4App/system/Common.php(1087): CodeIgniter\View\View->render('user_view', Array, true)
#3 /opt/lampp/htdocs/ci4App/app/Controllers/User.php(19): view('user_view', Array)
#4 /opt/lampp/htdocs/ci4App/system/CodeIgniter.php(914): App\Controllers\User->index()
#5 /opt/lampp/htdocs/ci4App/system/CodeIgniter.php(400): CodeIgniter\CodeIgniter->runController(Object(App\Controllers\User))
#6 /opt/lampp/htdocs/ci4App/system/CodeIgniter.php(308): CodeIgniter\CodeIgniter->handleRequest(NULL, Object(Config\Cache), false)
#7 /opt/lampp/htdocs/ci4App/public/index.php(45): CodeIgniter\CodeIgniter->run()
#8 /opt/lampp/htdocs/ci4App/system/Commands/Server/rewrite.php(34): require_once('/opt/lampp/htdo...')
#9 {main}
CRITICAL - 2020-07-11 09:25:00 --> Trying to get property 'user_nama' of non-object
#0 /opt/lampp/htdocs/ci4App/app/Views/user_view.php(99): CodeIgniter\Debug\Exceptions->errorHandler(8, 'Trying to get p...', '/opt/lampp/htdo...', 99, Array)
#1 /opt/lampp/htdocs/ci4App/system/View/View.php(246): include('/opt/lampp/htdo...')
#2 /opt/lampp/htdocs/ci4App/system/Common.php(1087): CodeIgniter\View\View->render('user_view', Array, true)
#3 /opt/lampp/htdocs/ci4App/app/Controllers/User.php(19): view('user_view', Array)
#4 /opt/lampp/htdocs/ci4App/system/CodeIgniter.php(914): App\Controllers\User->index()
#5 /opt/lampp/htdocs/ci4App/system/CodeIgniter.php(400): CodeIgniter\CodeIgniter->runController(Object(App\Controllers\User))
#6 /opt/lampp/htdocs/ci4App/system/CodeIgniter.php(308): CodeIgniter\CodeIgniter->handleRequest(NULL, Object(Config\Cache), false)
#7 /opt/lampp/htdocs/ci4App/public/index.php(45): CodeIgniter\CodeIgniter->run()
#8 /opt/lampp/htdocs/ci4App/system/Commands/Server/rewrite.php(34): require_once('/opt/lampp/htdo...')
#9 {main}
CRITICAL - 2020-07-11 09:25:01 --> Trying to get property 'user_nama' of non-object
#0 /opt/lampp/htdocs/ci4App/app/Views/user_view.php(99): CodeIgniter\Debug\Exceptions->errorHandler(8, 'Trying to get p...', '/opt/lampp/htdo...', 99, Array)
#1 /opt/lampp/htdocs/ci4App/system/View/View.php(246): include('/opt/lampp/htdo...')
#2 /opt/lampp/htdocs/ci4App/system/Common.php(1087): CodeIgniter\View\View->render('user_view', Array, true)
#3 /opt/lampp/htdocs/ci4App/app/Controllers/User.php(19): view('user_view', Array)
#4 /opt/lampp/htdocs/ci4App/system/CodeIgniter.php(914): App\Controllers\User->index()
#5 /opt/lampp/htdocs/ci4App/system/CodeIgniter.php(400): CodeIgniter\CodeIgniter->runController(Object(App\Controllers\User))
#6 /opt/lampp/htdocs/ci4App/system/CodeIgniter.php(308): CodeIgniter\CodeIgniter->handleRequest(NULL, Object(Config\Cache), false)
#7 /opt/lampp/htdocs/ci4App/public/index.php(45): CodeIgniter\CodeIgniter->run()
#8 /opt/lampp/htdocs/ci4App/system/Commands/Server/rewrite.php(34): require_once('/opt/lampp/htdo...')
#9 {main}
CRITICAL - 2020-07-11 09:25:01 --> Trying to get property 'user_nama' of non-object
#0 /opt/lampp/htdocs/ci4App/app/Views/user_view.php(99): CodeIgniter\Debug\Exceptions->errorHandler(8, 'Trying to get p...', '/opt/lampp/htdo...', 99, Array)
#1 /opt/lampp/htdocs/ci4App/system/View/View.php(246): include('/opt/lampp/htdo...')
#2 /opt/lampp/htdocs/ci4App/system/Common.php(1087): CodeIgniter\View\View->render('user_view', Array, true)
#3 /opt/lampp/htdocs/ci4App/app/Controllers/User.php(19): view('user_view', Array)
#4 /opt/lampp/htdocs/ci4App/system/CodeIgniter.php(914): App\Controllers\User->index()
#5 /opt/lampp/htdocs/ci4App/system/CodeIgniter.php(400): CodeIgniter\CodeIgniter->runController(Object(App\Controllers\User))
#6 /opt/lampp/htdocs/ci4App/system/CodeIgniter.php(308): CodeIgniter\CodeIgniter->handleRequest(NULL, Object(Config\Cache), false)
#7 /opt/lampp/htdocs/ci4App/public/index.php(45): CodeIgniter\CodeIgniter->run()
#8 /opt/lampp/htdocs/ci4App/system/Commands/Server/rewrite.php(34): require_once('/opt/lampp/htdo...')
#9 {main}
CRITICAL - 2020-07-11 09:26:21 --> Array to string conversion
#0 /opt/lampp/htdocs/ci4App/app/Views/user_view.php(99): CodeIgniter\Debug\Exceptions->errorHandler(8, 'Array to string...', '/opt/lampp/htdo...', 99, Array)
#1 /opt/lampp/htdocs/ci4App/system/View/View.php(246): include('/opt/lampp/htdo...')
#2 /opt/lampp/htdocs/ci4App/system/Common.php(1087): CodeIgniter\View\View->render('user_view', Array, true)
#3 /opt/lampp/htdocs/ci4App/app/Controllers/User.php(19): view('user_view', Array)
#4 /opt/lampp/htdocs/ci4App/system/CodeIgniter.php(914): App\Controllers\User->index()
#5 /opt/lampp/htdocs/ci4App/system/CodeIgniter.php(400): CodeIgniter\CodeIgniter->runController(Object(App\Controllers\User))
#6 /opt/lampp/htdocs/ci4App/system/CodeIgniter.php(308): CodeIgniter\CodeIgniter->handleRequest(NULL, Object(Config\Cache), false)
#7 /opt/lampp/htdocs/ci4App/public/index.php(45): CodeIgniter\CodeIgniter->run()
#8 /opt/lampp/htdocs/ci4App/system/Commands/Server/rewrite.php(34): require_once('/opt/lampp/htdo...')
#9 {main}
CRITICAL - 2020-07-11 09:26:22 --> Array to string conversion
#0 /opt/lampp/htdocs/ci4App/app/Views/user_view.php(99): CodeIgniter\Debug\Exceptions->errorHandler(8, 'Array to string...', '/opt/lampp/htdo...', 99, Array)
#1 /opt/lampp/htdocs/ci4App/system/View/View.php(246): include('/opt/lampp/htdo...')
#2 /opt/lampp/htdocs/ci4App/system/Common.php(1087): CodeIgniter\View\View->render('user_view', Array, true)
#3 /opt/lampp/htdocs/ci4App/app/Controllers/User.php(19): view('user_view', Array)
#4 /opt/lampp/htdocs/ci4App/system/CodeIgniter.php(914): App\Controllers\User->index()
#5 /opt/lampp/htdocs/ci4App/system/CodeIgniter.php(400): CodeIgniter\CodeIgniter->runController(Object(App\Controllers\User))
#6 /opt/lampp/htdocs/ci4App/system/CodeIgniter.php(308): CodeIgniter\CodeIgniter->handleRequest(NULL, Object(Config\Cache), false)
#7 /opt/lampp/htdocs/ci4App/public/index.php(45): CodeIgniter\CodeIgniter->run()
#8 /opt/lampp/htdocs/ci4App/system/Commands/Server/rewrite.php(34): require_once('/opt/lampp/htdo...')
#9 {main}
CRITICAL - 2020-07-11 09:33:18 --> Trying to get property 'user_nama' of non-object
#0 /opt/lampp/htdocs/ci4App/app/Views/user_view.php(99): CodeIgniter\Debug\Exceptions->errorHandler(8, 'Trying to get p...', '/opt/lampp/htdo...', 99, Array)
#1 /opt/lampp/htdocs/ci4App/system/View/View.php(246): include('/opt/lampp/htdo...')
#2 /opt/lampp/htdocs/ci4App/system/Common.php(1087): CodeIgniter\View\View->render('user_view', Array, true)
#3 /opt/lampp/htdocs/ci4App/app/Controllers/User.php(19): view('user_view', Array)
#4 /opt/lampp/htdocs/ci4App/system/CodeIgniter.php(914): App\Controllers\User->index()
#5 /opt/lampp/htdocs/ci4App/system/CodeIgniter.php(400): CodeIgniter\CodeIgniter->runController(Object(App\Controllers\User))
#6 /opt/lampp/htdocs/ci4App/system/CodeIgniter.php(308): CodeIgniter\CodeIgniter->handleRequest(NULL, Object(Config\Cache), false)
#7 /opt/lampp/htdocs/ci4App/public/index.php(45): CodeIgniter\CodeIgniter->run()
#8 /opt/lampp/htdocs/ci4App/system/Commands/Server/rewrite.php(34): require_once('/opt/lampp/htdo...')
#9 {main}
CRITICAL - 2020-07-11 09:37:42 --> Trying to get property 'user_nama' of non-object
#0 /opt/lampp/htdocs/ci4App/app/Views/user_view.php(115): CodeIgniter\Debug\Exceptions->errorHandler(8, 'Trying to get p...', '/opt/lampp/htdo...', 115, Array)
#1 /opt/lampp/htdocs/ci4App/system/View/View.php(246): include('/opt/lampp/htdo...')
#2 /opt/lampp/htdocs/ci4App/system/Common.php(1087): CodeIgniter\View\View->render('user_view', Array, true)
#3 /opt/lampp/htdocs/ci4App/app/Controllers/User.php(19): view('user_view', Array)
#4 /opt/lampp/htdocs/ci4App/system/CodeIgniter.php(914): App\Controllers\User->index()
#5 /opt/lampp/htdocs/ci4App/system/CodeIgniter.php(400): CodeIgniter\CodeIgniter->runController(Object(App\Controllers\User))
#6 /opt/lampp/htdocs/ci4App/system/CodeIgniter.php(308): CodeIgniter\CodeIgniter->handleRequest(NULL, Object(Config\Cache), false)
#7 /opt/lampp/htdocs/ci4App/public/index.php(45): CodeIgniter\CodeIgniter->run()
#8 /opt/lampp/htdocs/ci4App/system/Commands/Server/rewrite.php(34): require_once('/opt/lampp/htdo...')
#9 {main}
CRITICAL - 2020-07-11 09:38:30 --> Trying to get property 'user_id' of non-object
#0 /opt/lampp/htdocs/ci4App/app/Views/user_view.php(31): CodeIgniter\Debug\Exceptions->errorHandler(8, 'Trying to get p...', '/opt/lampp/htdo...', 31, Array)
#1 /opt/lampp/htdocs/ci4App/system/View/View.php(246): include('/opt/lampp/htdo...')
#2 /opt/lampp/htdocs/ci4App/system/Common.php(1087): CodeIgniter\View\View->render('user_view', Array, true)
#3 /opt/lampp/htdocs/ci4App/app/Controllers/User.php(19): view('user_view', Array)
#4 /opt/lampp/htdocs/ci4App/system/CodeIgniter.php(914): App\Controllers\User->index()
#5 /opt/lampp/htdocs/ci4App/system/CodeIgniter.php(400): CodeIgniter\CodeIgniter->runController(Object(App\Controllers\User))
#6 /opt/lampp/htdocs/ci4App/system/CodeIgniter.php(308): CodeIgniter\CodeIgniter->handleRequest(NULL, Object(Config\Cache), false)
#7 /opt/lampp/htdocs/ci4App/public/index.php(45): CodeIgniter\CodeIgniter->run()
#8 /opt/lampp/htdocs/ci4App/system/Commands/Server/rewrite.php(34): require_once('/opt/lampp/htdo...')
#9 {main}
CRITICAL - 2020-07-11 09:54:18 --> Trying to get property 'user_nama' of non-object
#0 /opt/lampp/htdocs/ci4App/app/Views/user_view.php(99): CodeIgniter\Debug\Exceptions->errorHandler(8, 'Trying to get p...', '/opt/lampp/htdo...', 99, Array)
#1 /opt/lampp/htdocs/ci4App/system/View/View.php(246): include('/opt/lampp/htdo...')
#2 /opt/lampp/htdocs/ci4App/system/Common.php(1087): CodeIgniter\View\View->render('user_view', Array, true)
#3 /opt/lampp/htdocs/ci4App/app/Controllers/User.php(19): view('user_view', Array)
#4 /opt/lampp/htdocs/ci4App/system/CodeIgniter.php(914): App\Controllers\User->index()
#5 /opt/lampp/htdocs/ci4App/system/CodeIgniter.php(400): CodeIgniter\CodeIgniter->runController(Object(App\Controllers\User))
#6 /opt/lampp/htdocs/ci4App/system/CodeIgniter.php(308): CodeIgniter\CodeIgniter->handleRequest(NULL, Object(Config\Cache), false)
#7 /opt/lampp/htdocs/ci4App/public/index.php(45): CodeIgniter\CodeIgniter->run()
#8 /opt/lampp/htdocs/ci4App/system/Commands/Server/rewrite.php(34): require_once('/opt/lampp/htdo...')
#9 {main}
CRITICAL - 2020-07-11 09:56:39 --> Trying to get property 'user_nama' of non-object
#0 /opt/lampp/htdocs/ci4App/app/Views/user_view.php(71): CodeIgniter\Debug\Exceptions->errorHandler(8, 'Trying to get p...', '/opt/lampp/htdo...', 71, Array)
#1 /opt/lampp/htdocs/ci4App/system/View/View.php(246): include('/opt/lampp/htdo...')
#2 /opt/lampp/htdocs/ci4App/system/Common.php(1087): CodeIgniter\View\View->render('user_view', Array, true)
#3 /opt/lampp/htdocs/ci4App/app/Controllers/User.php(19): view('user_view', Array)
#4 /opt/lampp/htdocs/ci4App/system/CodeIgniter.php(914): App\Controllers\User->index()
#5 /opt/lampp/htdocs/ci4App/system/CodeIgniter.php(400): CodeIgniter\CodeIgniter->runController(Object(App\Controllers\User))
#6 /opt/lampp/htdocs/ci4App/system/CodeIgniter.php(308): CodeIgniter\CodeIgniter->handleRequest(NULL, Object(Config\Cache), false)
#7 /opt/lampp/htdocs/ci4App/public/index.php(45): CodeIgniter\CodeIgniter->run()
#8 /opt/lampp/htdocs/ci4App/system/Commands/Server/rewrite.php(34): require_once('/opt/lampp/htdo...')
#9 {main}
CRITICAL - 2020-07-11 10:28:17 --> Argument 1 passed to CodeIgniter\Database\BaseBuilder::update() must be of the type array or null, string given, called in /opt/lampp/htdocs/ci4App/app/Models/M_user.php on line 44
#0 /opt/lampp/htdocs/ci4App/app/Models/M_user.php(44): CodeIgniter\Database\BaseBuilder->update('Ads', Array)
#1 /opt/lampp/htdocs/ci4App/app/Controllers/User.php(56): App\Models\M_user->updateUser('Ads', NULL)
#2 /opt/lampp/htdocs/ci4App/system/CodeIgniter.php(914): App\Controllers\User->update()
#3 /opt/lampp/htdocs/ci4App/system/CodeIgniter.php(400): CodeIgniter\CodeIgniter->runController(Object(App\Controllers\User))
#4 /opt/lampp/htdocs/ci4App/system/CodeIgniter.php(308): CodeIgniter\CodeIgniter->handleRequest(NULL, Object(Config\Cache), false)
#5 /opt/lampp/htdocs/ci4App/public/index.php(45): CodeIgniter\CodeIgniter->run()
#6 /opt/lampp/htdocs/ci4App/system/Commands/Server/rewrite.php(34): require_once('/opt/lampp/htdo...')
#7 {main}
