CRITICAL - 2020-07-02 09:06:39 --> Invalid file: admin_lte.php
#0 /opt/lampp/htdocs/ci4App/system/View/View.php(228): CodeIgniter\Exceptions\FrameworkException::forInvalidFile('admin_lte.php')
#1 /opt/lampp/htdocs/ci4App/system/Common.php(1087): CodeIgniter\View\View->render('admin_lte', Array, true)
#2 /opt/lampp/htdocs/ci4App/app/Controllers/Adminlte.php(7): view('admin_lte')
#3 /opt/lampp/htdocs/ci4App/system/CodeIgniter.php(914): App\Controllers\Adminlte->index()
#4 /opt/lampp/htdocs/ci4App/system/CodeIgniter.php(400): CodeIgniter\CodeIgniter->runController(Object(App\Controllers\Adminlte))
#5 /opt/lampp/htdocs/ci4App/system/CodeIgniter.php(308): CodeIgniter\CodeIgniter->handleRequest(NULL, Object(Config\Cache), false)
#6 /opt/lampp/htdocs/ci4App/public/index.php(45): CodeIgniter\CodeIgniter->run()
#7 /opt/lampp/htdocs/ci4App/system/Commands/Server/rewrite.php(34): require_once('/opt/lampp/htdo...')
#8 {main}
CRITICAL - 2020-07-02 09:07:04 --> Invalid file: admin_lte.php
#0 /opt/lampp/htdocs/ci4App/system/View/View.php(228): CodeIgniter\Exceptions\FrameworkException::forInvalidFile('admin_lte.php')
#1 /opt/lampp/htdocs/ci4App/system/Common.php(1087): CodeIgniter\View\View->render('admin_lte', Array, true)
#2 /opt/lampp/htdocs/ci4App/app/Controllers/Adminlte.php(7): view('admin_lte')
#3 /opt/lampp/htdocs/ci4App/system/CodeIgniter.php(914): App\Controllers\Adminlte->index()
#4 /opt/lampp/htdocs/ci4App/system/CodeIgniter.php(400): CodeIgniter\CodeIgniter->runController(Object(App\Controllers\Adminlte))
#5 /opt/lampp/htdocs/ci4App/system/CodeIgniter.php(308): CodeIgniter\CodeIgniter->handleRequest(NULL, Object(Config\Cache), false)
#6 /opt/lampp/htdocs/ci4App/public/index.php(45): CodeIgniter\CodeIgniter->run()
#7 /opt/lampp/htdocs/ci4App/system/Commands/Server/rewrite.php(34): require_once('/opt/lampp/htdo...')
#8 {main}
CRITICAL - 2020-07-02 09:07:04 --> Invalid file: admin_lte.php
#0 /opt/lampp/htdocs/ci4App/system/View/View.php(228): CodeIgniter\Exceptions\FrameworkException::forInvalidFile('admin_lte.php')
#1 /opt/lampp/htdocs/ci4App/system/Common.php(1087): CodeIgniter\View\View->render('admin_lte', Array, true)
#2 /opt/lampp/htdocs/ci4App/app/Controllers/Adminlte.php(7): view('admin_lte')
#3 /opt/lampp/htdocs/ci4App/system/CodeIgniter.php(914): App\Controllers\Adminlte->index()
#4 /opt/lampp/htdocs/ci4App/system/CodeIgniter.php(400): CodeIgniter\CodeIgniter->runController(Object(App\Controllers\Adminlte))
#5 /opt/lampp/htdocs/ci4App/system/CodeIgniter.php(308): CodeIgniter\CodeIgniter->handleRequest(NULL, Object(Config\Cache), false)
#6 /opt/lampp/htdocs/ci4App/public/index.php(45): CodeIgniter\CodeIgniter->run()
#7 /opt/lampp/htdocs/ci4App/system/Commands/Server/rewrite.php(34): require_once('/opt/lampp/htdo...')
#8 {main}
CRITICAL - 2020-07-02 09:07:04 --> Invalid file: admin_lte.php
#0 /opt/lampp/htdocs/ci4App/system/View/View.php(228): CodeIgniter\Exceptions\FrameworkException::forInvalidFile('admin_lte.php')
#1 /opt/lampp/htdocs/ci4App/system/Common.php(1087): CodeIgniter\View\View->render('admin_lte', Array, true)
#2 /opt/lampp/htdocs/ci4App/app/Controllers/Adminlte.php(7): view('admin_lte')
#3 /opt/lampp/htdocs/ci4App/system/CodeIgniter.php(914): App\Controllers\Adminlte->index()
#4 /opt/lampp/htdocs/ci4App/system/CodeIgniter.php(400): CodeIgniter\CodeIgniter->runController(Object(App\Controllers\Adminlte))
#5 /opt/lampp/htdocs/ci4App/system/CodeIgniter.php(308): CodeIgniter\CodeIgniter->handleRequest(NULL, Object(Config\Cache), false)
#6 /opt/lampp/htdocs/ci4App/public/index.php(45): CodeIgniter\CodeIgniter->run()
#7 /opt/lampp/htdocs/ci4App/system/Commands/Server/rewrite.php(34): require_once('/opt/lampp/htdo...')
#8 {main}
CRITICAL - 2020-07-02 09:07:05 --> Invalid file: admin_lte.php
#0 /opt/lampp/htdocs/ci4App/system/View/View.php(228): CodeIgniter\Exceptions\FrameworkException::forInvalidFile('admin_lte.php')
#1 /opt/lampp/htdocs/ci4App/system/Common.php(1087): CodeIgniter\View\View->render('admin_lte', Array, true)
#2 /opt/lampp/htdocs/ci4App/app/Controllers/Adminlte.php(7): view('admin_lte')
#3 /opt/lampp/htdocs/ci4App/system/CodeIgniter.php(914): App\Controllers\Adminlte->index()
#4 /opt/lampp/htdocs/ci4App/system/CodeIgniter.php(400): CodeIgniter\CodeIgniter->runController(Object(App\Controllers\Adminlte))
#5 /opt/lampp/htdocs/ci4App/system/CodeIgniter.php(308): CodeIgniter\CodeIgniter->handleRequest(NULL, Object(Config\Cache), false)
#6 /opt/lampp/htdocs/ci4App/public/index.php(45): CodeIgniter\CodeIgniter->run()
#7 /opt/lampp/htdocs/ci4App/system/Commands/Server/rewrite.php(34): require_once('/opt/lampp/htdo...')
#8 {main}
CRITICAL - 2020-07-02 09:07:05 --> Invalid file: admin_lte.php
#0 /opt/lampp/htdocs/ci4App/system/View/View.php(228): CodeIgniter\Exceptions\FrameworkException::forInvalidFile('admin_lte.php')
#1 /opt/lampp/htdocs/ci4App/system/Common.php(1087): CodeIgniter\View\View->render('admin_lte', Array, true)
#2 /opt/lampp/htdocs/ci4App/app/Controllers/Adminlte.php(7): view('admin_lte')
#3 /opt/lampp/htdocs/ci4App/system/CodeIgniter.php(914): App\Controllers\Adminlte->index()
#4 /opt/lampp/htdocs/ci4App/system/CodeIgniter.php(400): CodeIgniter\CodeIgniter->runController(Object(App\Controllers\Adminlte))
#5 /opt/lampp/htdocs/ci4App/system/CodeIgniter.php(308): CodeIgniter\CodeIgniter->handleRequest(NULL, Object(Config\Cache), false)
#6 /opt/lampp/htdocs/ci4App/public/index.php(45): CodeIgniter\CodeIgniter->run()
#7 /opt/lampp/htdocs/ci4App/system/Commands/Server/rewrite.php(34): require_once('/opt/lampp/htdo...')
#8 {main}
CRITICAL - 2020-07-02 09:07:05 --> Invalid file: admin_lte.php
#0 /opt/lampp/htdocs/ci4App/system/View/View.php(228): CodeIgniter\Exceptions\FrameworkException::forInvalidFile('admin_lte.php')
#1 /opt/lampp/htdocs/ci4App/system/Common.php(1087): CodeIgniter\View\View->render('admin_lte', Array, true)
#2 /opt/lampp/htdocs/ci4App/app/Controllers/Adminlte.php(7): view('admin_lte')
#3 /opt/lampp/htdocs/ci4App/system/CodeIgniter.php(914): App\Controllers\Adminlte->index()
#4 /opt/lampp/htdocs/ci4App/system/CodeIgniter.php(400): CodeIgniter\CodeIgniter->runController(Object(App\Controllers\Adminlte))
#5 /opt/lampp/htdocs/ci4App/system/CodeIgniter.php(308): CodeIgniter\CodeIgniter->handleRequest(NULL, Object(Config\Cache), false)
#6 /opt/lampp/htdocs/ci4App/public/index.php(45): CodeIgniter\CodeIgniter->run()
#7 /opt/lampp/htdocs/ci4App/system/Commands/Server/rewrite.php(34): require_once('/opt/lampp/htdo...')
#8 {main}
CRITICAL - 2020-07-02 09:07:05 --> Invalid file: admin_lte.php
#0 /opt/lampp/htdocs/ci4App/system/View/View.php(228): CodeIgniter\Exceptions\FrameworkException::forInvalidFile('admin_lte.php')
#1 /opt/lampp/htdocs/ci4App/system/Common.php(1087): CodeIgniter\View\View->render('admin_lte', Array, true)
#2 /opt/lampp/htdocs/ci4App/app/Controllers/Adminlte.php(7): view('admin_lte')
#3 /opt/lampp/htdocs/ci4App/system/CodeIgniter.php(914): App\Controllers\Adminlte->index()
#4 /opt/lampp/htdocs/ci4App/system/CodeIgniter.php(400): CodeIgniter\CodeIgniter->runController(Object(App\Controllers\Adminlte))
#5 /opt/lampp/htdocs/ci4App/system/CodeIgniter.php(308): CodeIgniter\CodeIgniter->handleRequest(NULL, Object(Config\Cache), false)
#6 /opt/lampp/htdocs/ci4App/public/index.php(45): CodeIgniter\CodeIgniter->run()
#7 /opt/lampp/htdocs/ci4App/system/Commands/Server/rewrite.php(34): require_once('/opt/lampp/htdo...')
#8 {main}
CRITICAL - 2020-07-02 09:07:06 --> Invalid file: admin_lte.php
#0 /opt/lampp/htdocs/ci4App/system/View/View.php(228): CodeIgniter\Exceptions\FrameworkException::forInvalidFile('admin_lte.php')
#1 /opt/lampp/htdocs/ci4App/system/Common.php(1087): CodeIgniter\View\View->render('admin_lte', Array, true)
#2 /opt/lampp/htdocs/ci4App/app/Controllers/Adminlte.php(7): view('admin_lte')
#3 /opt/lampp/htdocs/ci4App/system/CodeIgniter.php(914): App\Controllers\Adminlte->index()
#4 /opt/lampp/htdocs/ci4App/system/CodeIgniter.php(400): CodeIgniter\CodeIgniter->runController(Object(App\Controllers\Adminlte))
#5 /opt/lampp/htdocs/ci4App/system/CodeIgniter.php(308): CodeIgniter\CodeIgniter->handleRequest(NULL, Object(Config\Cache), false)
#6 /opt/lampp/htdocs/ci4App/public/index.php(45): CodeIgniter\CodeIgniter->run()
#7 /opt/lampp/htdocs/ci4App/system/Commands/Server/rewrite.php(34): require_once('/opt/lampp/htdo...')
#8 {main}
CRITICAL - 2020-07-02 09:07:06 --> Invalid file: admin_lte.php
#0 /opt/lampp/htdocs/ci4App/system/View/View.php(228): CodeIgniter\Exceptions\FrameworkException::forInvalidFile('admin_lte.php')
#1 /opt/lampp/htdocs/ci4App/system/Common.php(1087): CodeIgniter\View\View->render('admin_lte', Array, true)
#2 /opt/lampp/htdocs/ci4App/app/Controllers/Adminlte.php(7): view('admin_lte')
#3 /opt/lampp/htdocs/ci4App/system/CodeIgniter.php(914): App\Controllers\Adminlte->index()
#4 /opt/lampp/htdocs/ci4App/system/CodeIgniter.php(400): CodeIgniter\CodeIgniter->runController(Object(App\Controllers\Adminlte))
#5 /opt/lampp/htdocs/ci4App/system/CodeIgniter.php(308): CodeIgniter\CodeIgniter->handleRequest(NULL, Object(Config\Cache), false)
#6 /opt/lampp/htdocs/ci4App/public/index.php(45): CodeIgniter\CodeIgniter->run()
#7 /opt/lampp/htdocs/ci4App/system/Commands/Server/rewrite.php(34): require_once('/opt/lampp/htdo...')
#8 {main}
CRITICAL - 2020-07-02 09:07:06 --> Invalid file: admin_lte.php
#0 /opt/lampp/htdocs/ci4App/system/View/View.php(228): CodeIgniter\Exceptions\FrameworkException::forInvalidFile('admin_lte.php')
#1 /opt/lampp/htdocs/ci4App/system/Common.php(1087): CodeIgniter\View\View->render('admin_lte', Array, true)
#2 /opt/lampp/htdocs/ci4App/app/Controllers/Adminlte.php(7): view('admin_lte')
#3 /opt/lampp/htdocs/ci4App/system/CodeIgniter.php(914): App\Controllers\Adminlte->index()
#4 /opt/lampp/htdocs/ci4App/system/CodeIgniter.php(400): CodeIgniter\CodeIgniter->runController(Object(App\Controllers\Adminlte))
#5 /opt/lampp/htdocs/ci4App/system/CodeIgniter.php(308): CodeIgniter\CodeIgniter->handleRequest(NULL, Object(Config\Cache), false)
#6 /opt/lampp/htdocs/ci4App/public/index.php(45): CodeIgniter\CodeIgniter->run()
#7 /opt/lampp/htdocs/ci4App/system/Commands/Server/rewrite.php(34): require_once('/opt/lampp/htdo...')
#8 {main}
CRITICAL - 2020-07-02 09:07:09 --> Invalid file: admin_lte.php
#0 /opt/lampp/htdocs/ci4App/system/View/View.php(228): CodeIgniter\Exceptions\FrameworkException::forInvalidFile('admin_lte.php')
#1 /opt/lampp/htdocs/ci4App/system/Common.php(1087): CodeIgniter\View\View->render('admin_lte', Array, true)
#2 /opt/lampp/htdocs/ci4App/app/Controllers/Adminlte.php(7): view('admin_lte')
#3 /opt/lampp/htdocs/ci4App/system/CodeIgniter.php(914): App\Controllers\Adminlte->index()
#4 /opt/lampp/htdocs/ci4App/system/CodeIgniter.php(400): CodeIgniter\CodeIgniter->runController(Object(App\Controllers\Adminlte))
#5 /opt/lampp/htdocs/ci4App/system/CodeIgniter.php(308): CodeIgniter\CodeIgniter->handleRequest(NULL, Object(Config\Cache), false)
#6 /opt/lampp/htdocs/ci4App/public/index.php(45): CodeIgniter\CodeIgniter->run()
#7 /opt/lampp/htdocs/ci4App/system/Commands/Server/rewrite.php(34): require_once('/opt/lampp/htdo...')
#8 {main}
CRITICAL - 2020-07-02 09:24:09 --> Invalid file: user_login.php
#0 /opt/lampp/htdocs/ci4App/system/View/View.php(228): CodeIgniter\Exceptions\FrameworkException::forInvalidFile('user_login.php')
#1 /opt/lampp/htdocs/ci4App/system/Common.php(1087): CodeIgniter\View\View->render('user_login', Array, true)
#2 /opt/lampp/htdocs/ci4App/app/Controllers/Adminlte.php(7): view('user_login')
#3 /opt/lampp/htdocs/ci4App/system/CodeIgniter.php(914): App\Controllers\Adminlte->index()
#4 /opt/lampp/htdocs/ci4App/system/CodeIgniter.php(400): CodeIgniter\CodeIgniter->runController(Object(App\Controllers\Adminlte))
#5 /opt/lampp/htdocs/ci4App/system/CodeIgniter.php(308): CodeIgniter\CodeIgniter->handleRequest(NULL, Object(Config\Cache), false)
#6 /opt/lampp/htdocs/ci4App/public/index.php(45): CodeIgniter\CodeIgniter->run()
#7 /opt/lampp/htdocs/ci4App/system/Commands/Server/rewrite.php(34): require_once('/opt/lampp/htdo...')
#8 {main}
CRITICAL - 2020-07-02 11:00:40 --> 
#0 /opt/lampp/htdocs/ci4App/system/HTTP/RedirectResponse.php(92): CodeIgniter\HTTP\Exceptions\HTTPException::forInvalidRedirectRoute('')
#1 /opt/lampp/htdocs/ci4App/system/Common.php(813): CodeIgniter\HTTP\RedirectResponse->route(false)
#2 /opt/lampp/htdocs/ci4App/app/Controllers/User.php(12): redirect('http://localhos...')
#3 /opt/lampp/htdocs/ci4App/system/CodeIgniter.php(914): App\Controllers\User->index()
#4 /opt/lampp/htdocs/ci4App/system/CodeIgniter.php(400): CodeIgniter\CodeIgniter->runController(Object(App\Controllers\User))
#5 /opt/lampp/htdocs/ci4App/system/CodeIgniter.php(308): CodeIgniter\CodeIgniter->handleRequest(NULL, Object(Config\Cache), false)
#6 /opt/lampp/htdocs/ci4App/public/index.php(45): CodeIgniter\CodeIgniter->run()
#7 /opt/lampp/htdocs/ci4App/system/Commands/Server/rewrite.php(34): require_once('/opt/lampp/htdo...')
#8 {main}
CRITICAL - 2020-07-02 11:00:41 --> 
#0 /opt/lampp/htdocs/ci4App/system/HTTP/RedirectResponse.php(92): CodeIgniter\HTTP\Exceptions\HTTPException::forInvalidRedirectRoute('')
#1 /opt/lampp/htdocs/ci4App/system/Common.php(813): CodeIgniter\HTTP\RedirectResponse->route(false)
#2 /opt/lampp/htdocs/ci4App/app/Controllers/User.php(12): redirect('http://localhos...')
#3 /opt/lampp/htdocs/ci4App/system/CodeIgniter.php(914): App\Controllers\User->index()
#4 /opt/lampp/htdocs/ci4App/system/CodeIgniter.php(400): CodeIgniter\CodeIgniter->runController(Object(App\Controllers\User))
#5 /opt/lampp/htdocs/ci4App/system/CodeIgniter.php(308): CodeIgniter\CodeIgniter->handleRequest(NULL, Object(Config\Cache), false)
#6 /opt/lampp/htdocs/ci4App/public/index.php(45): CodeIgniter\CodeIgniter->run()
#7 /opt/lampp/htdocs/ci4App/system/Commands/Server/rewrite.php(34): require_once('/opt/lampp/htdo...')
#8 {main}
CRITICAL - 2020-07-02 11:00:55 --> 
#0 /opt/lampp/htdocs/ci4App/system/HTTP/RedirectResponse.php(92): CodeIgniter\HTTP\Exceptions\HTTPException::forInvalidRedirectRoute('')
#1 /opt/lampp/htdocs/ci4App/system/Common.php(813): CodeIgniter\HTTP\RedirectResponse->route(false)
#2 /opt/lampp/htdocs/ci4App/app/Controllers/User.php(12): redirect('http://localhos...')
#3 /opt/lampp/htdocs/ci4App/system/CodeIgniter.php(914): App\Controllers\User->index()
#4 /opt/lampp/htdocs/ci4App/system/CodeIgniter.php(400): CodeIgniter\CodeIgniter->runController(Object(App\Controllers\User))
#5 /opt/lampp/htdocs/ci4App/system/CodeIgniter.php(308): CodeIgniter\CodeIgniter->handleRequest(NULL, Object(Config\Cache), false)
#6 /opt/lampp/htdocs/ci4App/public/index.php(45): CodeIgniter\CodeIgniter->run()
#7 /opt/lampp/htdocs/ci4App/system/Commands/Server/rewrite.php(34): require_once('/opt/lampp/htdo...')
#8 {main}
