CRITICAL - 2020-07-15 04:45:52 --> Trying to access array offset on value of type null
#0 C:\xampp\htdocs\form-login-ci4\app\Controllers\Login.php(21): CodeIgniter\Debug\Exceptions->errorHandler(8, 'Trying to acces...', 'C:\\xampp\\htdocs...', 21, Array)
#1 C:\xampp\htdocs\form-login-ci4\system\CodeIgniter.php(914): App\Controllers\Login->login_action()
#2 C:\xampp\htdocs\form-login-ci4\system\CodeIgniter.php(400): CodeIgniter\CodeIgniter->runController(Object(App\Controllers\Login))
#3 C:\xampp\htdocs\form-login-ci4\system\CodeIgniter.php(308): CodeIgniter\CodeIgniter->handleRequest(NULL, Object(Config\Cache), false)
#4 C:\xampp\htdocs\form-login-ci4\public\index.php(45): CodeIgniter\CodeIgniter->run()
#5 C:\xampp\htdocs\form-login-ci4\system\Commands\Server\rewrite.php(34): require_once('C:\\xampp\\htdocs...')
#6 {main}
CRITICAL - 2020-07-15 04:47:35 --> Trying to access array offset on value of type null
#0 C:\xampp\htdocs\form-login-ci4\app\Controllers\Login.php(21): CodeIgniter\Debug\Exceptions->errorHandler(8, 'Trying to acces...', 'C:\\xampp\\htdocs...', 21, Array)
#1 C:\xampp\htdocs\form-login-ci4\system\CodeIgniter.php(914): App\Controllers\Login->login_action()
#2 C:\xampp\htdocs\form-login-ci4\system\CodeIgniter.php(400): CodeIgniter\CodeIgniter->runController(Object(App\Controllers\Login))
#3 C:\xampp\htdocs\form-login-ci4\system\CodeIgniter.php(308): CodeIgniter\CodeIgniter->handleRequest(NULL, Object(Config\Cache), false)
#4 C:\xampp\htdocs\form-login-ci4\public\index.php(45): CodeIgniter\CodeIgniter->run()
#5 C:\xampp\htdocs\form-login-ci4\system\Commands\Server\rewrite.php(34): require_once('C:\\xampp\\htdocs...')
#6 {main}
CRITICAL - 2020-07-15 06:45:05 --> Trying to access array offset on value of type null
#0 C:\xampp\htdocs\form-login-ci4\app\Controllers\Login.php(21): CodeIgniter\Debug\Exceptions->errorHandler(8, 'Trying to acces...', 'C:\\xampp\\htdocs...', 21, Array)
#1 C:\xampp\htdocs\form-login-ci4\system\CodeIgniter.php(914): App\Controllers\Login->login_action()
#2 C:\xampp\htdocs\form-login-ci4\system\CodeIgniter.php(400): CodeIgniter\CodeIgniter->runController(Object(App\Controllers\Login))
#3 C:\xampp\htdocs\form-login-ci4\system\CodeIgniter.php(308): CodeIgniter\CodeIgniter->handleRequest(NULL, Object(Config\Cache), false)
#4 C:\xampp\htdocs\form-login-ci4\public\index.php(45): CodeIgniter\CodeIgniter->run()
#5 C:\xampp\htdocs\form-login-ci4\system\Commands\Server\rewrite.php(34): require_once('C:\\xampp\\htdocs...')
#6 {main}
CRITICAL - 2020-07-15 07:53:13 --> Trying to access array offset on value of type null
#0 C:\xampp\htdocs\form-login-ci4\app\Controllers\Login.php(21): CodeIgniter\Debug\Exceptions->errorHandler(8, 'Trying to acces...', 'C:\\xampp\\htdocs...', 21, Array)
#1 C:\xampp\htdocs\form-login-ci4\system\CodeIgniter.php(914): App\Controllers\Login->login_action()
#2 C:\xampp\htdocs\form-login-ci4\system\CodeIgniter.php(400): CodeIgniter\CodeIgniter->runController(Object(App\Controllers\Login))
#3 C:\xampp\htdocs\form-login-ci4\system\CodeIgniter.php(308): CodeIgniter\CodeIgniter->handleRequest(NULL, Object(Config\Cache), false)
#4 C:\xampp\htdocs\form-login-ci4\public\index.php(45): CodeIgniter\CodeIgniter->run()
#5 C:\xampp\htdocs\form-login-ci4\system\Commands\Server\rewrite.php(34): require_once('C:\\xampp\\htdocs...')
#6 {main}
CRITICAL - 2020-07-15 10:01:11 --> Trying to access array offset on value of type null
#0 C:\xampp\htdocs\form-login-ci4\app\Controllers\Login.php(21): CodeIgniter\Debug\Exceptions->errorHandler(8, 'Trying to acces...', 'C:\\xampp\\htdocs...', 21, Array)
#1 C:\xampp\htdocs\form-login-ci4\system\CodeIgniter.php(914): App\Controllers\Login->login_action()
#2 C:\xampp\htdocs\form-login-ci4\system\CodeIgniter.php(400): CodeIgniter\CodeIgniter->runController(Object(App\Controllers\Login))
#3 C:\xampp\htdocs\form-login-ci4\system\CodeIgniter.php(308): CodeIgniter\CodeIgniter->handleRequest(NULL, Object(Config\Cache), false)
#4 C:\xampp\htdocs\form-login-ci4\public\index.php(45): CodeIgniter\CodeIgniter->run()
#5 C:\xampp\htdocs\form-login-ci4\system\Commands\Server\rewrite.php(34): require_once('C:\\xampp\\htdocs...')
#6 {main}
CRITICAL - 2020-07-15 10:16:57 --> Column 'user_nama' cannot be null
#0 C:\xampp\htdocs\form-login-ci4\system\Database\MySQLi\Connection.php(331): mysqli->query('INSERT INTO `us...')
#1 C:\xampp\htdocs\form-login-ci4\system\Database\BaseConnection.php(738): CodeIgniter\Database\MySQLi\Connection->execute('INSERT INTO `us...')
#2 C:\xampp\htdocs\form-login-ci4\system\Database\BaseConnection.php(666): CodeIgniter\Database\BaseConnection->simpleQuery('INSERT INTO `us...')
#3 C:\xampp\htdocs\form-login-ci4\system\Database\BaseBuilder.php(2234): CodeIgniter\Database\BaseConnection->query('INSERT INTO `us...', Array, false)
#4 C:\xampp\htdocs\form-login-ci4\app\Models\M_user.php(30): CodeIgniter\Database\BaseBuilder->insert(Array)
#5 C:\xampp\htdocs\form-login-ci4\app\Controllers\User.php(35): App\Models\M_user->saveUser(Array)
#6 C:\xampp\htdocs\form-login-ci4\system\CodeIgniter.php(914): App\Controllers\User->save()
#7 C:\xampp\htdocs\form-login-ci4\system\CodeIgniter.php(400): CodeIgniter\CodeIgniter->runController(Object(App\Controllers\User))
#8 C:\xampp\htdocs\form-login-ci4\system\CodeIgniter.php(308): CodeIgniter\CodeIgniter->handleRequest(NULL, Object(Config\Cache), false)
#9 C:\xampp\htdocs\form-login-ci4\public\index.php(45): CodeIgniter\CodeIgniter->run()
#10 C:\xampp\htdocs\form-login-ci4\system\Commands\Server\rewrite.php(34): require_once('C:\\xampp\\htdocs...')
#11 {main}
CRITICAL - 2020-07-15 22:36:31 --> Column 'nama' cannot be null
#0 C:\xampp\htdocs\Crud with CI4\system\Database\MySQLi\Connection.php(331): mysqli->query('INSERT INTO `us...')
#1 C:\xampp\htdocs\Crud with CI4\system\Database\BaseConnection.php(738): CodeIgniter\Database\MySQLi\Connection->execute('INSERT INTO `us...')
#2 C:\xampp\htdocs\Crud with CI4\system\Database\BaseConnection.php(666): CodeIgniter\Database\BaseConnection->simpleQuery('INSERT INTO `us...')
#3 C:\xampp\htdocs\Crud with CI4\system\Database\BaseBuilder.php(2234): CodeIgniter\Database\BaseConnection->query('INSERT INTO `us...', Array, false)
#4 C:\xampp\htdocs\Crud with CI4\app\Models\M_user.php(30): CodeIgniter\Database\BaseBuilder->insert(Array)
#5 C:\xampp\htdocs\Crud with CI4\app\Controllers\User.php(35): App\Models\M_user->saveUser(Array)
#6 C:\xampp\htdocs\Crud with CI4\system\CodeIgniter.php(914): App\Controllers\User->save()
#7 C:\xampp\htdocs\Crud with CI4\system\CodeIgniter.php(400): CodeIgniter\CodeIgniter->runController(Object(App\Controllers\User))
#8 C:\xampp\htdocs\Crud with CI4\system\CodeIgniter.php(308): CodeIgniter\CodeIgniter->handleRequest(NULL, Object(Config\Cache), false)
#9 C:\xampp\htdocs\Crud with CI4\public\index.php(45): CodeIgniter\CodeIgniter->run()
#10 C:\xampp\htdocs\Crud with CI4\system\Commands\Server\rewrite.php(34): require_once('C:\\xampp\\htdocs...')
#11 {main}
CRITICAL - 2020-07-15 22:38:40 --> Column 'nama' cannot be null
#0 C:\xampp\htdocs\Crud with CI4\system\Database\MySQLi\Connection.php(331): mysqli->query('INSERT INTO `us...')
#1 C:\xampp\htdocs\Crud with CI4\system\Database\BaseConnection.php(738): CodeIgniter\Database\MySQLi\Connection->execute('INSERT INTO `us...')
#2 C:\xampp\htdocs\Crud with CI4\system\Database\BaseConnection.php(666): CodeIgniter\Database\BaseConnection->simpleQuery('INSERT INTO `us...')
#3 C:\xampp\htdocs\Crud with CI4\system\Database\BaseBuilder.php(2234): CodeIgniter\Database\BaseConnection->query('INSERT INTO `us...', Array, false)
#4 C:\xampp\htdocs\Crud with CI4\app\Models\M_user.php(30): CodeIgniter\Database\BaseBuilder->insert(Array)
#5 C:\xampp\htdocs\Crud with CI4\app\Controllers\User.php(35): App\Models\M_user->saveUser(Array)
#6 C:\xampp\htdocs\Crud with CI4\system\CodeIgniter.php(914): App\Controllers\User->save()
#7 C:\xampp\htdocs\Crud with CI4\system\CodeIgniter.php(400): CodeIgniter\CodeIgniter->runController(Object(App\Controllers\User))
#8 C:\xampp\htdocs\Crud with CI4\system\CodeIgniter.php(308): CodeIgniter\CodeIgniter->handleRequest(NULL, Object(Config\Cache), false)
#9 C:\xampp\htdocs\Crud with CI4\public\index.php(45): CodeIgniter\CodeIgniter->run()
#10 C:\xampp\htdocs\Crud with CI4\system\Commands\Server\rewrite.php(34): require_once('C:\\xampp\\htdocs...')
#11 {main}
CRITICAL - 2020-07-15 22:39:21 --> Column 'nama' cannot be null
#0 C:\xampp\htdocs\Crud with CI4\system\Database\MySQLi\Connection.php(331): mysqli->query('INSERT INTO `us...')
#1 C:\xampp\htdocs\Crud with CI4\system\Database\BaseConnection.php(738): CodeIgniter\Database\MySQLi\Connection->execute('INSERT INTO `us...')
#2 C:\xampp\htdocs\Crud with CI4\system\Database\BaseConnection.php(666): CodeIgniter\Database\BaseConnection->simpleQuery('INSERT INTO `us...')
#3 C:\xampp\htdocs\Crud with CI4\system\Database\BaseBuilder.php(2234): CodeIgniter\Database\BaseConnection->query('INSERT INTO `us...', Array, false)
#4 C:\xampp\htdocs\Crud with CI4\app\Models\M_user.php(30): CodeIgniter\Database\BaseBuilder->insert(Array)
#5 C:\xampp\htdocs\Crud with CI4\app\Controllers\User.php(35): App\Models\M_user->saveUser(Array)
#6 C:\xampp\htdocs\Crud with CI4\system\CodeIgniter.php(914): App\Controllers\User->save()
#7 C:\xampp\htdocs\Crud with CI4\system\CodeIgniter.php(400): CodeIgniter\CodeIgniter->runController(Object(App\Controllers\User))
#8 C:\xampp\htdocs\Crud with CI4\system\CodeIgniter.php(308): CodeIgniter\CodeIgniter->handleRequest(NULL, Object(Config\Cache), false)
#9 C:\xampp\htdocs\Crud with CI4\public\index.php(45): CodeIgniter\CodeIgniter->run()
#10 C:\xampp\htdocs\Crud with CI4\system\Commands\Server\rewrite.php(34): require_once('C:\\xampp\\htdocs...')
#11 {main}
CRITICAL - 2020-07-15 22:39:25 --> Column 'nama' cannot be null
#0 C:\xampp\htdocs\Crud with CI4\system\Database\MySQLi\Connection.php(331): mysqli->query('INSERT INTO `us...')
#1 C:\xampp\htdocs\Crud with CI4\system\Database\BaseConnection.php(738): CodeIgniter\Database\MySQLi\Connection->execute('INSERT INTO `us...')
#2 C:\xampp\htdocs\Crud with CI4\system\Database\BaseConnection.php(666): CodeIgniter\Database\BaseConnection->simpleQuery('INSERT INTO `us...')
#3 C:\xampp\htdocs\Crud with CI4\system\Database\BaseBuilder.php(2234): CodeIgniter\Database\BaseConnection->query('INSERT INTO `us...', Array, false)
#4 C:\xampp\htdocs\Crud with CI4\app\Models\M_user.php(30): CodeIgniter\Database\BaseBuilder->insert(Array)
#5 C:\xampp\htdocs\Crud with CI4\app\Controllers\User.php(35): App\Models\M_user->saveUser(Array)
#6 C:\xampp\htdocs\Crud with CI4\system\CodeIgniter.php(914): App\Controllers\User->save()
#7 C:\xampp\htdocs\Crud with CI4\system\CodeIgniter.php(400): CodeIgniter\CodeIgniter->runController(Object(App\Controllers\User))
#8 C:\xampp\htdocs\Crud with CI4\system\CodeIgniter.php(308): CodeIgniter\CodeIgniter->handleRequest(NULL, Object(Config\Cache), false)
#9 C:\xampp\htdocs\Crud with CI4\public\index.php(45): CodeIgniter\CodeIgniter->run()
#10 C:\xampp\htdocs\Crud with CI4\system\Commands\Server\rewrite.php(34): require_once('C:\\xampp\\htdocs...')
#11 {main}
CRITICAL - 2020-07-15 22:58:02 --> Trying to access array offset on value of type null
#0 C:\xampp\htdocs\Crud with CI4\app\Controllers\Login.php(21): CodeIgniter\Debug\Exceptions->errorHandler(8, 'Trying to acces...', 'C:\\xampp\\htdocs...', 21, Array)
#1 C:\xampp\htdocs\Crud with CI4\system\CodeIgniter.php(914): App\Controllers\Login->login_action()
#2 C:\xampp\htdocs\Crud with CI4\system\CodeIgniter.php(400): CodeIgniter\CodeIgniter->runController(Object(App\Controllers\Login))
#3 C:\xampp\htdocs\Crud with CI4\system\CodeIgniter.php(308): CodeIgniter\CodeIgniter->handleRequest(NULL, Object(Config\Cache), false)
#4 C:\xampp\htdocs\Crud with CI4\public\index.php(45): CodeIgniter\CodeIgniter->run()
#5 C:\xampp\htdocs\Crud with CI4\system\Commands\Server\rewrite.php(34): require_once('C:\\xampp\\htdocs...')
#6 {main}
CRITICAL - 2020-07-15 22:58:45 --> Trying to access array offset on value of type null
#0 C:\xampp\htdocs\Crud with CI4\app\Controllers\Login.php(21): CodeIgniter\Debug\Exceptions->errorHandler(8, 'Trying to acces...', 'C:\\xampp\\htdocs...', 21, Array)
#1 C:\xampp\htdocs\Crud with CI4\system\CodeIgniter.php(914): App\Controllers\Login->login_action()
#2 C:\xampp\htdocs\Crud with CI4\system\CodeIgniter.php(400): CodeIgniter\CodeIgniter->runController(Object(App\Controllers\Login))
#3 C:\xampp\htdocs\Crud with CI4\system\CodeIgniter.php(308): CodeIgniter\CodeIgniter->handleRequest(NULL, Object(Config\Cache), false)
#4 C:\xampp\htdocs\Crud with CI4\public\index.php(45): CodeIgniter\CodeIgniter->run()
#5 C:\xampp\htdocs\Crud with CI4\system\Commands\Server\rewrite.php(34): require_once('C:\\xampp\\htdocs...')
#6 {main}
CRITICAL - 2020-07-15 22:58:48 --> Trying to access array offset on value of type null
#0 C:\xampp\htdocs\Crud with CI4\app\Controllers\Login.php(21): CodeIgniter\Debug\Exceptions->errorHandler(8, 'Trying to acces...', 'C:\\xampp\\htdocs...', 21, Array)
#1 C:\xampp\htdocs\Crud with CI4\system\CodeIgniter.php(914): App\Controllers\Login->login_action()
#2 C:\xampp\htdocs\Crud with CI4\system\CodeIgniter.php(400): CodeIgniter\CodeIgniter->runController(Object(App\Controllers\Login))
#3 C:\xampp\htdocs\Crud with CI4\system\CodeIgniter.php(308): CodeIgniter\CodeIgniter->handleRequest(NULL, Object(Config\Cache), false)
#4 C:\xampp\htdocs\Crud with CI4\public\index.php(45): CodeIgniter\CodeIgniter->run()
#5 C:\xampp\htdocs\Crud with CI4\system\Commands\Server\rewrite.php(34): require_once('C:\\xampp\\htdocs...')
#6 {main}
CRITICAL - 2020-07-15 22:59:37 --> Undefined property: App\Controllers\Login::$M_user
#0 C:\xampp\htdocs\Crud with CI4\app\Controllers\Login.php(17): CodeIgniter\Debug\Exceptions->errorHandler(8, 'Undefined prope...', 'C:\\xampp\\htdocs...', 17, Array)
#1 C:\xampp\htdocs\Crud with CI4\system\CodeIgniter.php(914): App\Controllers\Login->login_action()
#2 C:\xampp\htdocs\Crud with CI4\system\CodeIgniter.php(400): CodeIgniter\CodeIgniter->runController(Object(App\Controllers\Login))
#3 C:\xampp\htdocs\Crud with CI4\system\CodeIgniter.php(308): CodeIgniter\CodeIgniter->handleRequest(NULL, Object(Config\Cache), false)
#4 C:\xampp\htdocs\Crud with CI4\public\index.php(45): CodeIgniter\CodeIgniter->run()
#5 C:\xampp\htdocs\Crud with CI4\system\Commands\Server\rewrite.php(34): require_once('C:\\xampp\\htdocs...')
#6 {main}
CRITICAL - 2020-07-15 22:59:44 --> Undefined property: App\Controllers\Login::$M_user
#0 C:\xampp\htdocs\Crud with CI4\app\Controllers\Login.php(17): CodeIgniter\Debug\Exceptions->errorHandler(8, 'Undefined prope...', 'C:\\xampp\\htdocs...', 17, Array)
#1 C:\xampp\htdocs\Crud with CI4\system\CodeIgniter.php(914): App\Controllers\Login->login_action()
#2 C:\xampp\htdocs\Crud with CI4\system\CodeIgniter.php(400): CodeIgniter\CodeIgniter->runController(Object(App\Controllers\Login))
#3 C:\xampp\htdocs\Crud with CI4\system\CodeIgniter.php(308): CodeIgniter\CodeIgniter->handleRequest(NULL, Object(Config\Cache), false)
#4 C:\xampp\htdocs\Crud with CI4\public\index.php(45): CodeIgniter\CodeIgniter->run()
#5 C:\xampp\htdocs\Crud with CI4\system\Commands\Server\rewrite.php(34): require_once('C:\\xampp\\htdocs...')
#6 {main}
