CRITICAL - 2020-07-04 00:50:53 --> Connection refused
#0 /opt/lampp/htdocs/ci4App/system/Database/BaseConnection.php(377): CodeIgniter\Database\MySQLi\Connection->connect(false)
#1 /opt/lampp/htdocs/ci4App/system/Database/BaseConnection.php(643): CodeIgniter\Database\BaseConnection->initialize()
#2 /opt/lampp/htdocs/ci4App/system/Database/BaseBuilder.php(1845): CodeIgniter\Database\BaseConnection->query('SELECT *\nFROM `...', Array, false)
#3 /opt/lampp/htdocs/ci4App/app/Models/M_user.php(10): CodeIgniter\Database\BaseBuilder->get()
#4 /opt/lampp/htdocs/ci4App/app/Controllers/Login.php(19): App\Models\M_user->get_data('', '')
#5 /opt/lampp/htdocs/ci4App/system/CodeIgniter.php(914): App\Controllers\Login->login_action()
#6 /opt/lampp/htdocs/ci4App/system/CodeIgniter.php(400): CodeIgniter\CodeIgniter->runController(Object(App\Controllers\Login))
#7 /opt/lampp/htdocs/ci4App/system/CodeIgniter.php(308): CodeIgniter\CodeIgniter->handleRequest(NULL, Object(Config\Cache), false)
#8 /opt/lampp/htdocs/ci4App/public/index.php(45): CodeIgniter\CodeIgniter->run()
#9 /opt/lampp/htdocs/ci4App/system/Commands/Server/rewrite.php(34): require_once('/opt/lampp/htdo...')
#10 {main}
CRITICAL - 2020-07-04 00:50:59 --> Connection refused
#0 /opt/lampp/htdocs/ci4App/system/Database/BaseConnection.php(377): CodeIgniter\Database\MySQLi\Connection->connect(false)
#1 /opt/lampp/htdocs/ci4App/system/Database/BaseConnection.php(643): CodeIgniter\Database\BaseConnection->initialize()
#2 /opt/lampp/htdocs/ci4App/system/Database/BaseBuilder.php(1845): CodeIgniter\Database\BaseConnection->query('SELECT *\nFROM `...', Array, false)
#3 /opt/lampp/htdocs/ci4App/app/Models/M_user.php(10): CodeIgniter\Database\BaseBuilder->get()
#4 /opt/lampp/htdocs/ci4App/app/Controllers/Login.php(19): App\Models\M_user->get_data('', '')
#5 /opt/lampp/htdocs/ci4App/system/CodeIgniter.php(914): App\Controllers\Login->login_action()
#6 /opt/lampp/htdocs/ci4App/system/CodeIgniter.php(400): CodeIgniter\CodeIgniter->runController(Object(App\Controllers\Login))
#7 /opt/lampp/htdocs/ci4App/system/CodeIgniter.php(308): CodeIgniter\CodeIgniter->handleRequest(NULL, Object(Config\Cache), false)
#8 /opt/lampp/htdocs/ci4App/public/index.php(45): CodeIgniter\CodeIgniter->run()
#9 /opt/lampp/htdocs/ci4App/system/Commands/Server/rewrite.php(34): require_once('/opt/lampp/htdo...')
#10 {main}
CRITICAL - 2020-07-04 00:51:13 --> Connection refused
#0 /opt/lampp/htdocs/ci4App/system/Database/BaseConnection.php(377): CodeIgniter\Database\MySQLi\Connection->connect(false)
#1 /opt/lampp/htdocs/ci4App/system/Database/BaseConnection.php(643): CodeIgniter\Database\BaseConnection->initialize()
#2 /opt/lampp/htdocs/ci4App/system/Database/BaseBuilder.php(1845): CodeIgniter\Database\BaseConnection->query('SELECT *\nFROM `...', Array, false)
#3 /opt/lampp/htdocs/ci4App/app/Models/M_user.php(10): CodeIgniter\Database\BaseBuilder->get()
#4 /opt/lampp/htdocs/ci4App/app/Controllers/Login.php(19): App\Models\M_user->get_data('jobs@mail.com', 'ada')
#5 /opt/lampp/htdocs/ci4App/system/CodeIgniter.php(914): App\Controllers\Login->login_action()
#6 /opt/lampp/htdocs/ci4App/system/CodeIgniter.php(400): CodeIgniter\CodeIgniter->runController(Object(App\Controllers\Login))
#7 /opt/lampp/htdocs/ci4App/system/CodeIgniter.php(308): CodeIgniter\CodeIgniter->handleRequest(NULL, Object(Config\Cache), false)
#8 /opt/lampp/htdocs/ci4App/public/index.php(45): CodeIgniter\CodeIgniter->run()
#9 /opt/lampp/htdocs/ci4App/system/Commands/Server/rewrite.php(34): require_once('/opt/lampp/htdo...')
#10 {main}
CRITICAL - 2020-07-04 00:59:00 --> Connection refused
#0 /opt/lampp/htdocs/ci4App/system/Database/BaseConnection.php(377): CodeIgniter\Database\MySQLi\Connection->connect(false)
#1 /opt/lampp/htdocs/ci4App/system/Database/BaseConnection.php(643): CodeIgniter\Database\BaseConnection->initialize()
#2 /opt/lampp/htdocs/ci4App/system/Database/BaseBuilder.php(1845): CodeIgniter\Database\BaseConnection->query('SELECT *\nFROM `...', Array, false)
#3 /opt/lampp/htdocs/ci4App/app/Models/M_user.php(10): CodeIgniter\Database\BaseBuilder->get()
#4 /opt/lampp/htdocs/ci4App/app/Controllers/Login.php(19): App\Models\M_user->get_data('jobs@mail.com', 'qwerty')
#5 /opt/lampp/htdocs/ci4App/system/CodeIgniter.php(914): App\Controllers\Login->login_action()
#6 /opt/lampp/htdocs/ci4App/system/CodeIgniter.php(400): CodeIgniter\CodeIgniter->runController(Object(App\Controllers\Login))
#7 /opt/lampp/htdocs/ci4App/system/CodeIgniter.php(308): CodeIgniter\CodeIgniter->handleRequest(NULL, Object(Config\Cache), false)
#8 /opt/lampp/htdocs/ci4App/public/index.php(45): CodeIgniter\CodeIgniter->run()
#9 /opt/lampp/htdocs/ci4App/system/Commands/Server/rewrite.php(34): require_once('/opt/lampp/htdo...')
#10 {main}
CRITICAL - 2020-07-04 00:59:44 --> Connection refused
#0 /opt/lampp/htdocs/ci4App/system/Database/BaseConnection.php(377): CodeIgniter\Database\MySQLi\Connection->connect(false)
#1 /opt/lampp/htdocs/ci4App/system/Database/BaseConnection.php(643): CodeIgniter\Database\BaseConnection->initialize()
#2 /opt/lampp/htdocs/ci4App/system/Database/BaseBuilder.php(1845): CodeIgniter\Database\BaseConnection->query('SELECT *\nFROM `...', Array, false)
#3 /opt/lampp/htdocs/ci4App/app/Models/M_user.php(10): CodeIgniter\Database\BaseBuilder->get()
#4 /opt/lampp/htdocs/ci4App/app/Controllers/Login.php(19): App\Models\M_user->get_data('jobs@mail.com', 'qwerty')
#5 /opt/lampp/htdocs/ci4App/system/CodeIgniter.php(914): App\Controllers\Login->login_action()
#6 /opt/lampp/htdocs/ci4App/system/CodeIgniter.php(400): CodeIgniter\CodeIgniter->runController(Object(App\Controllers\Login))
#7 /opt/lampp/htdocs/ci4App/system/CodeIgniter.php(308): CodeIgniter\CodeIgniter->handleRequest(NULL, Object(Config\Cache), false)
#8 /opt/lampp/htdocs/ci4App/public/index.php(45): CodeIgniter\CodeIgniter->run()
#9 /opt/lampp/htdocs/ci4App/system/Commands/Server/rewrite.php(34): require_once('/opt/lampp/htdo...')
#10 {main}
